<?xml version="1.0" encoding="UTF-8"?>
<testsuite xmlns:xsi="http://www.w3.org/2001/XMLSchema-instance" xsi:noNamespaceSchemaLocation="https://maven.apache.org/surefire/maven-surefire-plugin/xsd/surefire-test-report-3.0.xsd" version="3.0" name="TestRunner.Run" time="557.954" tests="5" errors="0" skipped="0" failures="0">
  <properties>
    <property name="java.specification.version" value="21"/>
    <property name="webdriver.chrome.driver" value="C:\Users\ACER\.cache\selenium\chromedriver\win64\122.0.6261.128\chromedriver.exe"/>
    <property name="sun.cpu.isalist" value="amd64"/>
    <property name="sun.jnu.encoding" value="Cp1252"/>
    <property name="java.class.path" value="C:\Users\ACER\eclipse-workspace\Cucumber_Framwork_Learning\target\test-classes;C:\Users\ACER\eclipse-workspace\Cucumber_Framwork_Learning\target\classes;C:\Users\ACER\.m2\repository\io\cucumber\gherkin\28.0.0\gherkin-28.0.0.jar;C:\Users\ACER\.m2\repository\io\cucumber\messages\22.0.0\messages-22.0.0.jar;C:\Users\ACER\.m2\repository\io\cucumber\cucumber-java\7.15.0\cucumber-java-7.15.0.jar;C:\Users\ACER\.m2\repository\org\apiguardian\apiguardian-api\1.1.2\apiguardian-api-1.1.2.jar;C:\Users\ACER\.m2\repository\org\seleniumhq\selenium\selenium-java\3.141.59\selenium-java-3.141.59.jar;C:\Users\ACER\.m2\repository\org\seleniumhq\selenium\selenium-api\3.141.59\selenium-api-3.141.59.jar;C:\Users\ACER\.m2\repository\org\seleniumhq\selenium\selenium-chrome-driver\3.141.59\selenium-chrome-driver-3.141.59.jar;C:\Users\ACER\.m2\repository\org\seleniumhq\selenium\selenium-edge-driver\3.141.59\selenium-edge-driver-3.141.59.jar;C:\Users\ACER\.m2\repository\org\seleniumhq\selenium\selenium-firefox-driver\3.141.59\selenium-firefox-driver-3.141.59.jar;C:\Users\ACER\.m2\repository\org\seleniumhq\selenium\selenium-ie-driver\3.141.59\selenium-ie-driver-3.141.59.jar;C:\Users\ACER\.m2\repository\org\seleniumhq\selenium\selenium-opera-driver\3.141.59\selenium-opera-driver-3.141.59.jar;C:\Users\ACER\.m2\repository\org\seleniumhq\selenium\selenium-remote-driver\3.141.59\selenium-remote-driver-3.141.59.jar;C:\Users\ACER\.m2\repository\org\seleniumhq\selenium\selenium-safari-driver\3.141.59\selenium-safari-driver-3.141.59.jar;C:\Users\ACER\.m2\repository\org\seleniumhq\selenium\selenium-support\3.141.59\selenium-support-3.141.59.jar;C:\Users\ACER\.m2\repository\net\bytebuddy\byte-buddy\1.8.15\byte-buddy-1.8.15.jar;C:\Users\ACER\.m2\repository\org\apache\commons\commons-exec\1.3\commons-exec-1.3.jar;C:\Users\ACER\.m2\repository\com\google\guava\guava\25.0-jre\guava-25.0-jre.jar;C:\Users\ACER\.m2\repository\com\google\code\findbugs\jsr305\1.3.9\jsr305-1.3.9.jar;C:\Users\ACER\.m2\repository\org\checkerframework\checker-compat-qual\2.0.0\checker-compat-qual-2.0.0.jar;C:\Users\ACER\.m2\repository\com\google\errorprone\error_prone_annotations\2.1.3\error_prone_annotations-2.1.3.jar;C:\Users\ACER\.m2\repository\com\google\j2objc\j2objc-annotations\1.1\j2objc-annotations-1.1.jar;C:\Users\ACER\.m2\repository\org\codehaus\mojo\animal-sniffer-annotations\1.14\animal-sniffer-annotations-1.14.jar;C:\Users\ACER\.m2\repository\com\squareup\okhttp3\okhttp\3.11.0\okhttp-3.11.0.jar;C:\Users\ACER\.m2\repository\com\squareup\okio\okio\1.14.0\okio-1.14.0.jar;C:\Users\ACER\.m2\repository\io\github\bonigarcia\webdrivermanager\5.7.0\webdrivermanager-5.7.0.jar;C:\Users\ACER\.m2\repository\org\slf4j\slf4j-api\2.0.12\slf4j-api-2.0.12.jar;C:\Users\ACER\.m2\repository\com\google\code\gson\gson\2.10.1\gson-2.10.1.jar;C:\Users\ACER\.m2\repository\com\github\docker-java\docker-java\3.3.5\docker-java-3.3.5.jar;C:\Users\ACER\.m2\repository\com\github\docker-java\docker-java-core\3.3.5\docker-java-core-3.3.5.jar;C:\Users\ACER\.m2\repository\com\github\docker-java\docker-java-api\3.3.5\docker-java-api-3.3.5.jar;C:\Users\ACER\.m2\repository\com\fasterxml\jackson\core\jackson-annotations\2.10.3\jackson-annotations-2.10.3.jar;C:\Users\ACER\.m2\repository\com\fasterxml\jackson\core\jackson-databind\2.10.3\jackson-databind-2.10.3.jar;C:\Users\ACER\.m2\repository\com\fasterxml\jackson\core\jackson-core\2.10.3\jackson-core-2.10.3.jar;C:\Users\ACER\.m2\repository\org\bouncycastle\bcpkix-jdk18on\1.76\bcpkix-jdk18on-1.76.jar;C:\Users\ACER\.m2\repository\org\bouncycastle\bcprov-jdk18on\1.76\bcprov-jdk18on-1.76.jar;C:\Users\ACER\.m2\repository\org\bouncycastle\bcutil-jdk18on\1.76\bcutil-jdk18on-1.76.jar;C:\Users\ACER\.m2\repository\org\slf4j\jcl-over-slf4j\1.7.30\jcl-over-slf4j-1.7.30.jar;C:\Users\ACER\.m2\repository\com\github\docker-java\docker-java-transport-httpclient5\3.3.5\docker-java-transport-httpclient5-3.3.5.jar;C:\Users\ACER\.m2\repository\com\github\docker-java\docker-java-transport\3.3.5\docker-java-transport-3.3.5.jar;C:\Users\ACER\.m2\repository\net\java\dev\jna\jna\5.13.0\jna-5.13.0.jar;C:\Users\ACER\.m2\repository\org\brotli\dec\0.1.2\dec-0.1.2.jar;C:\Users\ACER\.m2\repository\org\apache\commons\commons-lang3\3.14.0\commons-lang3-3.14.0.jar;C:\Users\ACER\.m2\repository\org\apache\commons\commons-compress\1.26.0\commons-compress-1.26.0.jar;C:\Users\ACER\.m2\repository\org\apache\httpcomponents\client5\httpclient5\5.2.1\httpclient5-5.2.1.jar;C:\Users\ACER\.m2\repository\org\apache\httpcomponents\core5\httpcore5\5.2\httpcore5-5.2.jar;C:\Users\ACER\.m2\repository\org\apache\httpcomponents\core5\httpcore5-h2\5.2\httpcore5-h2-5.2.jar;C:\Users\ACER\.m2\repository\commons-io\commons-io\2.15.1\commons-io-2.15.1.jar;C:\Users\ACER\.m2\repository\io\cucumber\cucumber-jvm-deps\1.0.6\cucumber-jvm-deps-1.0.6.jar;C:\Users\ACER\.m2\repository\io\cucumber\cucumber-core\7.15.0\cucumber-core-7.15.0.jar;C:\Users\ACER\.m2\repository\io\cucumber\cucumber-gherkin\7.15.0\cucumber-gherkin-7.15.0.jar;C:\Users\ACER\.m2\repository\io\cucumber\cucumber-gherkin-messages\7.15.0\cucumber-gherkin-messages-7.15.0.jar;C:\Users\ACER\.m2\repository\io\cucumber\tag-expressions\6.0.0\tag-expressions-6.0.0.jar;C:\Users\ACER\.m2\repository\io\cucumber\cucumber-expressions\17.0.1\cucumber-expressions-17.0.1.jar;C:\Users\ACER\.m2\repository\io\cucumber\datatable\7.15.0\datatable-7.15.0.jar;C:\Users\ACER\.m2\repository\io\cucumber\cucumber-plugin\7.15.0\cucumber-plugin-7.15.0.jar;C:\Users\ACER\.m2\repository\io\cucumber\docstring\7.15.0\docstring-7.15.0.jar;C:\Users\ACER\.m2\repository\io\cucumber\html-formatter\20.4.0\html-formatter-20.4.0.jar;C:\Users\ACER\.m2\repository\io\cucumber\junit-xml-formatter\0.2.0\junit-xml-formatter-0.2.0.jar;C:\Users\ACER\.m2\repository\io\cucumber\ci-environment\10.0.0\ci-environment-10.0.0.jar;C:\Users\ACER\.m2\repository\org\apache\logging\log4j\log4j-core\2.23.0\log4j-core-2.23.0.jar;C:\Users\ACER\.m2\repository\org\apache\logging\log4j\log4j-api\2.23.0\log4j-api-2.23.0.jar;C:\Users\ACER\.m2\repository\org\testng\testng\7.9.0\testng-7.9.0.jar;C:\Users\ACER\.m2\repository\com\beust\jcommander\1.82\jcommander-1.82.jar;C:\Users\ACER\.m2\repository\org\webjars\jquery\3.7.1\jquery-3.7.1.jar;C:\Users\ACER\.m2\repository\io\cucumber\cucumber-testng\7.15.0\cucumber-testng-7.15.0.jar;"/>
    <property name="java.vm.vendor" value="Oracle Corporation"/>
    <property name="sun.arch.data.model" value="64"/>
    <property name="user.variant" value=""/>
    <property name="java.vendor.url" value="https://java.oracle.com/"/>
    <property name="user.timezone" value="Asia/Calcutta"/>
    <property name="os.name" value="Windows 11"/>
    <property name="java.vm.specification.version" value="21"/>
    <property name="sun.java.launcher" value="SUN_STANDARD"/>
    <property name="user.country" value="IN"/>
    <property name="sun.boot.library.path" value="C:\Program Files\Java\jdk-21\bin"/>
    <property name="sun.java.command" value="C:\Users\ACER\AppData\Local\Temp\surefire7962083191498938161\surefirebooter-20240315141152875_3.jar C:\Users\ACER\AppData\Local\Temp\surefire7962083191498938161 2024-03-15T14-11-52_701-jvmRun1 surefire-20240315141152875_1tmp surefire_0-20240315141152875_2tmp"/>
    <property name="jdk.debug" value="release"/>
    <property name="surefire.test.class.path" value="C:\Users\ACER\eclipse-workspace\Cucumber_Framwork_Learning\target\test-classes;C:\Users\ACER\eclipse-workspace\Cucumber_Framwork_Learning\target\classes;C:\Users\ACER\.m2\repository\io\cucumber\gherkin\28.0.0\gherkin-28.0.0.jar;C:\Users\ACER\.m2\repository\io\cucumber\messages\22.0.0\messages-22.0.0.jar;C:\Users\ACER\.m2\repository\io\cucumber\cucumber-java\7.15.0\cucumber-java-7.15.0.jar;C:\Users\ACER\.m2\repository\org\apiguardian\apiguardian-api\1.1.2\apiguardian-api-1.1.2.jar;C:\Users\ACER\.m2\repository\org\seleniumhq\selenium\selenium-java\3.141.59\selenium-java-3.141.59.jar;C:\Users\ACER\.m2\repository\org\seleniumhq\selenium\selenium-api\3.141.59\selenium-api-3.141.59.jar;C:\Users\ACER\.m2\repository\org\seleniumhq\selenium\selenium-chrome-driver\3.141.59\selenium-chrome-driver-3.141.59.jar;C:\Users\ACER\.m2\repository\org\seleniumhq\selenium\selenium-edge-driver\3.141.59\selenium-edge-driver-3.141.59.jar;C:\Users\ACER\.m2\repository\org\seleniumhq\selenium\selenium-firefox-driver\3.141.59\selenium-firefox-driver-3.141.59.jar;C:\Users\ACER\.m2\repository\org\seleniumhq\selenium\selenium-ie-driver\3.141.59\selenium-ie-driver-3.141.59.jar;C:\Users\ACER\.m2\repository\org\seleniumhq\selenium\selenium-opera-driver\3.141.59\selenium-opera-driver-3.141.59.jar;C:\Users\ACER\.m2\repository\org\seleniumhq\selenium\selenium-remote-driver\3.141.59\selenium-remote-driver-3.141.59.jar;C:\Users\ACER\.m2\repository\org\seleniumhq\selenium\selenium-safari-driver\3.141.59\selenium-safari-driver-3.141.59.jar;C:\Users\ACER\.m2\repository\org\seleniumhq\selenium\selenium-support\3.141.59\selenium-support-3.141.59.jar;C:\Users\ACER\.m2\repository\net\bytebuddy\byte-buddy\1.8.15\byte-buddy-1.8.15.jar;C:\Users\ACER\.m2\repository\org\apache\commons\commons-exec\1.3\commons-exec-1.3.jar;C:\Users\ACER\.m2\repository\com\google\guava\guava\25.0-jre\guava-25.0-jre.jar;C:\Users\ACER\.m2\repository\com\google\code\findbugs\jsr305\1.3.9\jsr305-1.3.9.jar;C:\Users\ACER\.m2\repository\org\checkerframework\checker-compat-qual\2.0.0\checker-compat-qual-2.0.0.jar;C:\Users\ACER\.m2\repository\com\google\errorprone\error_prone_annotations\2.1.3\error_prone_annotations-2.1.3.jar;C:\Users\ACER\.m2\repository\com\google\j2objc\j2objc-annotations\1.1\j2objc-annotations-1.1.jar;C:\Users\ACER\.m2\repository\org\codehaus\mojo\animal-sniffer-annotations\1.14\animal-sniffer-annotations-1.14.jar;C:\Users\ACER\.m2\repository\com\squareup\okhttp3\okhttp\3.11.0\okhttp-3.11.0.jar;C:\Users\ACER\.m2\repository\com\squareup\okio\okio\1.14.0\okio-1.14.0.jar;C:\Users\ACER\.m2\repository\io\github\bonigarcia\webdrivermanager\5.7.0\webdrivermanager-5.7.0.jar;C:\Users\ACER\.m2\repository\org\slf4j\slf4j-api\2.0.12\slf4j-api-2.0.12.jar;C:\Users\ACER\.m2\repository\com\google\code\gson\gson\2.10.1\gson-2.10.1.jar;C:\Users\ACER\.m2\repository\com\github\docker-java\docker-java\3.3.5\docker-java-3.3.5.jar;C:\Users\ACER\.m2\repository\com\github\docker-java\docker-java-core\3.3.5\docker-java-core-3.3.5.jar;C:\Users\ACER\.m2\repository\com\github\docker-java\docker-java-api\3.3.5\docker-java-api-3.3.5.jar;C:\Users\ACER\.m2\repository\com\fasterxml\jackson\core\jackson-annotations\2.10.3\jackson-annotations-2.10.3.jar;C:\Users\ACER\.m2\repository\com\fasterxml\jackson\core\jackson-databind\2.10.3\jackson-databind-2.10.3.jar;C:\Users\ACER\.m2\repository\com\fasterxml\jackson\core\jackson-core\2.10.3\jackson-core-2.10.3.jar;C:\Users\ACER\.m2\repository\org\bouncycastle\bcpkix-jdk18on\1.76\bcpkix-jdk18on-1.76.jar;C:\Users\ACER\.m2\repository\org\bouncycastle\bcprov-jdk18on\1.76\bcprov-jdk18on-1.76.jar;C:\Users\ACER\.m2\repository\org\bouncycastle\bcutil-jdk18on\1.76\bcutil-jdk18on-1.76.jar;C:\Users\ACER\.m2\repository\org\slf4j\jcl-over-slf4j\1.7.30\jcl-over-slf4j-1.7.30.jar;C:\Users\ACER\.m2\repository\com\github\docker-java\docker-java-transport-httpclient5\3.3.5\docker-java-transport-httpclient5-3.3.5.jar;C:\Users\ACER\.m2\repository\com\github\docker-java\docker-java-transport\3.3.5\docker-java-transport-3.3.5.jar;C:\Users\ACER\.m2\repository\net\java\dev\jna\jna\5.13.0\jna-5.13.0.jar;C:\Users\ACER\.m2\repository\org\brotli\dec\0.1.2\dec-0.1.2.jar;C:\Users\ACER\.m2\repository\org\apache\commons\commons-lang3\3.14.0\commons-lang3-3.14.0.jar;C:\Users\ACER\.m2\repository\org\apache\commons\commons-compress\1.26.0\commons-compress-1.26.0.jar;C:\Users\ACER\.m2\repository\org\apache\httpcomponents\client5\httpclient5\5.2.1\httpclient5-5.2.1.jar;C:\Users\ACER\.m2\repository\org\apache\httpcomponents\core5\httpcore5\5.2\httpcore5-5.2.jar;C:\Users\ACER\.m2\repository\org\apache\httpcomponents\core5\httpcore5-h2\5.2\httpcore5-h2-5.2.jar;C:\Users\ACER\.m2\repository\commons-io\commons-io\2.15.1\commons-io-2.15.1.jar;C:\Users\ACER\.m2\repository\io\cucumber\cucumber-jvm-deps\1.0.6\cucumber-jvm-deps-1.0.6.jar;C:\Users\ACER\.m2\repository\io\cucumber\cucumber-core\7.15.0\cucumber-core-7.15.0.jar;C:\Users\ACER\.m2\repository\io\cucumber\cucumber-gherkin\7.15.0\cucumber-gherkin-7.15.0.jar;C:\Users\ACER\.m2\repository\io\cucumber\cucumber-gherkin-messages\7.15.0\cucumber-gherkin-messages-7.15.0.jar;C:\Users\ACER\.m2\repository\io\cucumber\tag-expressions\6.0.0\tag-expressions-6.0.0.jar;C:\Users\ACER\.m2\repository\io\cucumber\cucumber-expressions\17.0.1\cucumber-expressions-17.0.1.jar;C:\Users\ACER\.m2\repository\io\cucumber\datatable\7.15.0\datatable-7.15.0.jar;C:\Users\ACER\.m2\repository\io\cucumber\cucumber-plugin\7.15.0\cucumber-plugin-7.15.0.jar;C:\Users\ACER\.m2\repository\io\cucumber\docstring\7.15.0\docstring-7.15.0.jar;C:\Users\ACER\.m2\repository\io\cucumber\html-formatter\20.4.0\html-formatter-20.4.0.jar;C:\Users\ACER\.m2\repository\io\cucumber\junit-xml-formatter\0.2.0\junit-xml-formatter-0.2.0.jar;C:\Users\ACER\.m2\repository\io\cucumber\ci-environment\10.0.0\ci-environment-10.0.0.jar;C:\Users\ACER\.m2\repository\org\apache\logging\log4j\log4j-core\2.23.0\log4j-core-2.23.0.jar;C:\Users\ACER\.m2\repository\org\apache\logging\log4j\log4j-api\2.23.0\log4j-api-2.23.0.jar;C:\Users\ACER\.m2\repository\org\testng\testng\7.9.0\testng-7.9.0.jar;C:\Users\ACER\.m2\repository\com\beust\jcommander\1.82\jcommander-1.82.jar;C:\Users\ACER\.m2\repository\org\webjars\jquery\3.7.1\jquery-3.7.1.jar;C:\Users\ACER\.m2\repository\io\cucumber\cucumber-testng\7.15.0\cucumber-testng-7.15.0.jar;"/>
    <property name="sun.cpu.endian" value="little"/>
    <property name="user.home" value="C:\Users\ACER"/>
    <property name="user.language" value="en"/>
    <property name="java.specification.vendor" value="Oracle Corporation"/>
    <property name="java.version.date" value="2023-10-17"/>
    <property name="java.home" value="C:\Program Files\Java\jdk-21"/>
    <property name="file.separator" value="\"/>
    <property name="basedir" value="C:\Users\ACER\eclipse-workspace\Cucumber_Framwork_Learning"/>
    <property name="style.color" value="always"/>
    <property name="java.vm.compressedOopsMode" value="Zero based"/>
    <property name="line.separator" value="&#10;"/>
    <property name="java.vm.specification.vendor" value="Oracle Corporation"/>
    <property name="java.specification.name" value="Java Platform API Specification"/>
    <property name="jdk.version" value="8"/>
    <property name="surefire.real.class.path" value="C:\Users\ACER\AppData\Local\Temp\surefire7962083191498938161\surefirebooter-20240315141152875_3.jar"/>
    <property name="user.script" value=""/>
    <property name="sun.management.compiler" value="HotSpot 64-Bit Tiered Compilers"/>
    <property name="java.runtime.version" value="21.0.1+12-LTS-29"/>
    <property name="user.name" value="ACER"/>
    <property name="stdout.encoding" value="Cp1252"/>
    <property name="path.separator" value=";"/>
    <property name="os.version" value="10.0"/>
    <property name="java.runtime.name" value="Java(TM) SE Runtime Environment"/>
    <property name="file.encoding" value="UTF-8"/>
    <property name="java.vm.name" value="Java HotSpot(TM) 64-Bit Server VM"/>
    <property name="localRepository" value="C:\Users\ACER\.m2\repository"/>
    <property name="java.vendor.url.bug" value="https://bugreport.java.com/bugreport/"/>
    <property name="java.io.tmpdir" value="C:\Users\ACER\AppData\Local\Temp\"/>
    <property name="java.version" value="21.0.1"/>
    <property name="user.dir" value="C:\Users\ACER\eclipse-workspace\Cucumber_Framwork_Learning"/>
    <property name="os.arch" value="amd64"/>
    <property name="java.vm.specification.name" value="Java Virtual Machine Specification"/>
    <property name="sun.os.patch.level" value=""/>
    <property name="native.encoding" value="Cp1252"/>
    <property name="java.library.path" value="C:\Program Files\Java\jdk-21\bin;C:\WINDOWS\Sun\Java\bin;C:\WINDOWS\system32;C:\WINDOWS;C:\Program Files\Common Files\Oracle\Java\javapath;C:\WINDOWS\system32;C:\WINDOWS;C:\WINDOWS\System32\Wbem;C:\WINDOWS\System32\WindowsPowerShell\v1.0\;C:\WINDOWS\System32\OpenSSH\;C:\Program Files\Java\jdk1.8.0_301\bin;C:\Program Files\nodejs\;C:\Program Files\nodejs;C:\Program Files\nodejs\node_modules;C:\Program Files\MySQL\MySQL Server 8.0\bin;C:\Program Files\Java\jdk1.8.0_301\bin;C:\Program Files\MySQL\MySQL Server 8.0\bin;C:\Program Files\Java\jdk-21\bin;C:\Program Files\Git\cmd;C:\Users\ACER\apache-maven-3.9.6-bin\apache-maven-3.9.6\bin;C:\Users\ACER\apache-maven-3.9.6-bin\apache-maven-3.9.6\bin;C:\Users\ACER\apache-maven-3.9.6-bin\apache-maven-3.9.6\bin;C:\Program Files\MySQL\MySQL Shell 8.0\bin\;C:\Users\ACER\AppData\Local\Programs\Python\Python39\Scripts\;C:\Users\ACER\AppData\Local\Programs\Python\Python39\;C:\Users\ACER\AppData\Local\Microsoft\WindowsApps;C:\Users\ACER\AppData\Local\Programs\Microsoft VS Code\bin;C:\Users\ACER\AppData\Roaming\npm;C:\Program Files\MySQL\MySQL Server 8.0\bin;;."/>
    <property name="java.vm.info" value="mixed mode, sharing"/>
    <property name="stderr.encoding" value="Cp1252"/>
    <property name="java.vendor" value="Oracle Corporation"/>
    <property name="java.vm.version" value="21.0.1+12-LTS-29"/>
    <property name="sun.io.unicode.encoding" value="UnicodeLittle"/>
    <property name="java.class.version" value="65.0"/>
  </properties>
  <testcase name="runScenario[&quot;Add New Customer&quot;, &quot;Customers&quot;](1)" classname="TestRunner.Run" time="156.744">
    <system-out><![CDATA[
@sanity @regression
Scenario: Add New Customer                                                                # Features/Customers.feature:13
Setup-Sanity method executed..
SetUp method.
[INFO ] 2024-03-15 14:11:57.762 [main] StepDef - Set up Execution...
This is Before Step before setup Method.
[INFO ] 2024-03-15 14:11:57.768 [main] StepDef - Before step Set Up Executed...
[INFO ] 2024-03-15 14:11:57.930 [main] StepDef - User Launch Chrome browser Executed...
  Given User Launch Chrome browser                                                        # StepDefination.StepDef.user_launch_chrome_browser()
This is After Step after Tear Down Method.
[INFO ] 2024-03-15 14:11:57.933 [main] StepDef - Failed Test Case Screenshot...
This is Before Step before setup Method.
[INFO ] 2024-03-15 14:11:57.934 [main] StepDef - Before step Set Up Executed...
[INFO ] 2024-03-15 14:11:59.413 [main] StepDef - User opens URL Executed...
  When User opens URL "http://admin-demo.nopcommerce.com/login"                           # StepDefination.StepDef.user_opens_url(java.lang.String)
This is After Step after Tear Down Method.
[INFO ] 2024-03-15 14:11:59.413 [main] StepDef - Failed Test Case Screenshot...
This is Before Step before setup Method.
[INFO ] 2024-03-15 14:11:59.414 [main] StepDef - Before step Set Up Executed...
[INFO ] 2024-03-15 14:11:59.780 [main] StepDef - User enters Email and Password Executed...
  And User enters Email as "admin@yourstore.com" and Password as "admin"                  # StepDefination.StepDef.user_enters_email_as_and_password_as(java.lang.String,java.lang.String)
This is After Step after Tear Down Method.
[INFO ] 2024-03-15 14:11:59.781 [main] StepDef - Failed Test Case Screenshot...
This is Before Step before setup Method.
[INFO ] 2024-03-15 14:11:59.781 [main] StepDef - Before step Set Up Executed...
[INFO ] 2024-03-15 14:13:15.427 [main] StepDef - Click on Login Executed...
  And Click on Login                                                                      # StepDefination.StepDef.click_on_login()
This is After Step after Tear Down Method.
[INFO ] 2024-03-15 14:13:15.427 [main] StepDef - Failed Test Case Screenshot...
This is Before Step before setup Method.
[INFO ] 2024-03-15 14:13:15.430 [main] StepDef - Before step Set Up Executed...
[WARN ] 2024-03-15 14:13:15.443 [main] StepDef - User can view Dashboad Executed...
  Then User can view Dashboad                                                             # StepDefination.StepDef.user_can_view_dashboad()
This is After Step after Tear Down Method.
[INFO ] 2024-03-15 14:13:15.443 [main] StepDef - Failed Test Case Screenshot...
This is Before Step before setup Method.
[INFO ] 2024-03-15 14:13:15.443 [main] StepDef - Before step Set Up Executed...
[INFO ] 2024-03-15 14:13:16.580 [main] StepDef - User click on customers Menu Executed...
  When User click on customers Menu                                                       # StepDefination.StepDef.user_click_on_customers_menu()
This is After Step after Tear Down Method.
[INFO ] 2024-03-15 14:13:16.582 [main] StepDef - Failed Test Case Screenshot...
This is Before Step before setup Method.
[INFO ] 2024-03-15 14:13:16.582 [main] StepDef - Before step Set Up Executed...
[INFO ] 2024-03-15 14:13:33.180 [main] StepDef - click on customers Menu Item Executed...
  And click on customers Menu Item                                                        # StepDefination.StepDef.click_on_customers_menu_item()
This is After Step after Tear Down Method.
[INFO ] 2024-03-15 14:13:33.180 [main] StepDef - Failed Test Case Screenshot...
This is Before Step before setup Method.
[INFO ] 2024-03-15 14:13:33.180 [main] StepDef - Before step Set Up Executed...
[INFO ] 2024-03-15 14:13:51.052 [main] StepDef - click on Add new button Executed...
  And click on Add new button                                                             # StepDefination.StepDef.click_on_add_new_button()
This is After Step after Tear Down Method.
[INFO ] 2024-03-15 14:13:51.052 [main] StepDef - Failed Test Case Screenshot...
This is Before Step before setup Method.
[INFO ] 2024-03-15 14:13:51.060 [main] StepDef - Before step Set Up Executed...
[WARN ] 2024-03-15 14:13:51.077 [main] StepDef - User can view Add new customer page Executed...
  Then User can view Add new customer page                                                # StepDefination.StepDef.user_can_view_add_new_customer_page()
This is After Step after Tear Down Method.
[INFO ] 2024-03-15 14:13:51.080 [main] StepDef - Failed Test Case Screenshot...
This is Before Step before setup Method.
[INFO ] 2024-03-15 14:13:51.080 [main] StepDef - Before step Set Up Executed...
[INFO ] 2024-03-15 14:13:52.662 [main] StepDef - User enter customer info Executed...
  When User enter customer info                                                           # StepDefination.StepDef.user_enter_customer_info()
This is After Step after Tear Down Method.
[INFO ] 2024-03-15 14:13:52.663 [main] StepDef - Failed Test Case Screenshot...
This is Before Step before setup Method.
[INFO ] 2024-03-15 14:13:52.663 [main] StepDef - Before step Set Up Executed...
[INFO ] 2024-03-15 14:14:29.803 [main] StepDef - click on Save button Executed...
  And click on Save button                                                                # StepDefination.StepDef.click_on_save_button()
This is After Step after Tear Down Method.
[INFO ] 2024-03-15 14:14:29.803 [main] StepDef - Failed Test Case Screenshot...
This is Before Step before setup Method.
[INFO ] 2024-03-15 14:14:29.803 [main] StepDef - Before step Set Up Executed...
[WARN ] 2024-03-15 14:14:30.778 [main] StepDef - User cant view confirmation message Executed...
  Then User can view confirmation message "The new customer has been added successfully." # StepDefination.StepDef.user_can_view_confirmation_message(java.lang.String)
This is After Step after Tear Down Method.
[INFO ] 2024-03-15 14:14:30.786 [main] StepDef - Failed Test Case Screenshot...
This is Before Step before setup Method.
[INFO ] 2024-03-15 14:14:30.786 [main] StepDef - Before step Set Up Executed...
[INFO ] 2024-03-15 14:14:31.116 [main] StepDef - close browser Executed...
  And close browser                                                                       # StepDefination.CloseStep.close_browser()
This is After Step after Tear Down Method.
[INFO ] 2024-03-15 14:14:31.116 [main] StepDef - Failed Test Case Screenshot...
Tear Down method.
[INFO ] 2024-03-15 14:14:31.116 [main] StepDef - Failed Scenario Screenshot...
]]></system-out>
    <system-err><![CDATA[SLF4J(W): No SLF4J providers were found.
SLF4J(W): Defaulting to no-operation (NOP) logger implementation
SLF4J(W): See https://www.slf4j.org/codes.html#noProviders for further details.
Starting ChromeDriver 122.0.6261.128 (f18a44fedeb29764b2b5336c120fdd90ef1a3f5c-refs/branch-heads/6261@{#1057}) on port 29060
Only local connections are allowed.
Please see https://chromedriver.chromium.org/security-considerations for suggestions on keeping ChromeDriver safe.
ChromeDriver was started successfully.
Mar 15, 2024 2:11:56 PM org.openqa.selenium.remote.ProtocolHandshake createSession
INFO: Detected dialect: W3C
Starting ChromeDriver 122.0.6261.128 (f18a44fedeb29764b2b5336c120fdd90ef1a3f5c-refs/branch-heads/6261@{#1057}) on port 35129
Only local connections are allowed.
Please see https://chromedriver.chromium.org/security-considerations for suggestions on keeping ChromeDriver safe.
ChromeDriver was started successfully.
Mar 15, 2024 2:11:57 PM org.openqa.selenium.remote.ProtocolHandshake createSession
INFO: Detected dialect: W3C
]]></system-err>
  </testcase>
  <testcase name="runScenario[&quot;Search Customer by Email&quot;, &quot;Customers&quot;](2)" classname="TestRunner.Run" time="189.179">
    <system-out><![CDATA[
@regression
Scenario: Search Customer by Email                                       # Features/Customers.feature:25
Setup-Sanity method executed..
SetUp method.
[INFO ] 2024-03-15 14:14:33.127 [main] StepDef - Set up Execution...
This is Before Step before setup Method.
[INFO ] 2024-03-15 14:14:33.129 [main] StepDef - Before step Set Up Executed...
[INFO ] 2024-03-15 14:14:33.258 [main] StepDef - User Launch Chrome browser Executed...
  Given User Launch Chrome browser                                       # StepDefination.StepDef.user_launch_chrome_browser()
This is After Step after Tear Down Method.
[INFO ] 2024-03-15 14:14:33.258 [main] StepDef - Failed Test Case Screenshot...
This is Before Step before setup Method.
[INFO ] 2024-03-15 14:14:33.258 [main] StepDef - Before step Set Up Executed...
[INFO ] 2024-03-15 14:14:34.681 [main] StepDef - User opens URL Executed...
  When User opens URL "http://admin-demo.nopcommerce.com/login"          # StepDefination.StepDef.user_opens_url(java.lang.String)
This is After Step after Tear Down Method.
[INFO ] 2024-03-15 14:14:34.683 [main] StepDef - Failed Test Case Screenshot...
This is Before Step before setup Method.
[INFO ] 2024-03-15 14:14:34.683 [main] StepDef - Before step Set Up Executed...
[INFO ] 2024-03-15 14:14:35.180 [main] StepDef - User enters Email and Password Executed...
  And User enters Email as "admin@yourstore.com" and Password as "admin" # StepDefination.StepDef.user_enters_email_as_and_password_as(java.lang.String,java.lang.String)
This is After Step after Tear Down Method.
[INFO ] 2024-03-15 14:14:35.180 [main] StepDef - Failed Test Case Screenshot...
This is Before Step before setup Method.
[INFO ] 2024-03-15 14:14:35.180 [main] StepDef - Before step Set Up Executed...
[INFO ] 2024-03-15 14:17:28.162 [main] StepDef - Click on Login Executed...
  And Click on Login                                                     # StepDefination.StepDef.click_on_login()
This is After Step after Tear Down Method.
[INFO ] 2024-03-15 14:17:28.163 [main] StepDef - Failed Test Case Screenshot...
This is Before Step before setup Method.
[INFO ] 2024-03-15 14:17:28.163 [main] StepDef - Before step Set Up Executed...
[WARN ] 2024-03-15 14:17:33.145 [main] StepDef - User can view Dashboad Executed...
  Then User can view Dashboad                                            # StepDefination.StepDef.user_can_view_dashboad()
This is After Step after Tear Down Method.
[INFO ] 2024-03-15 14:17:33.145 [main] StepDef - Failed Test Case Screenshot...
This is Before Step before setup Method.
[INFO ] 2024-03-15 14:17:33.145 [main] StepDef - Before step Set Up Executed...
[INFO ] 2024-03-15 14:17:34.272 [main] StepDef - User click on customers Menu Executed...
  When User click on customers Menu                                      # StepDefination.StepDef.user_click_on_customers_menu()
This is After Step after Tear Down Method.
[INFO ] 2024-03-15 14:17:34.272 [main] StepDef - Failed Test Case Screenshot...
This is Before Step before setup Method.
[INFO ] 2024-03-15 14:17:34.272 [main] StepDef - Before step Set Up Executed...
[INFO ] 2024-03-15 14:17:37.288 [main] StepDef - click on customers Menu Item Executed...
  And click on customers Menu Item                                       # StepDefination.StepDef.click_on_customers_menu_item()
This is After Step after Tear Down Method.
[INFO ] 2024-03-15 14:17:37.288 [main] StepDef - Failed Test Case Screenshot...
This is Before Step before setup Method.
[INFO ] 2024-03-15 14:17:37.288 [main] StepDef - Before step Set Up Executed...
[INFO ] 2024-03-15 14:17:38.712 [main] StepDef - Enter customer EMail Executed...
  And Enter customer EMail                                               # StepDefination.StepDef.enter_customer_e_mail()
This is After Step after Tear Down Method.
[INFO ] 2024-03-15 14:17:38.714 [main] StepDef - Failed Test Case Screenshot...
This is Before Step before setup Method.
[INFO ] 2024-03-15 14:17:38.714 [main] StepDef - Before step Set Up Executed...
[INFO ] 2024-03-15 14:17:39.846 [main] StepDef - Click on search button Executed...
  When Click on search button                                            # StepDefination.StepDef.click_on_search_button()
This is After Step after Tear Down Method.
[INFO ] 2024-03-15 14:17:39.853 [main] StepDef - Failed Test Case Screenshot...
This is Before Step before setup Method.
[INFO ] 2024-03-15 14:17:39.854 [main] StepDef - Before step Set Up Executed...
[WARN ] 2024-03-15 14:17:39.952 [main] StepDef - User found Email in the Search table Executed...
  Then User should found Email in the Search table                       # StepDefination.StepDef.user_should_found_email_in_the_search_table()
This is After Step after Tear Down Method.
[INFO ] 2024-03-15 14:17:39.952 [main] StepDef - Failed Test Case Screenshot...
This is Before Step before setup Method.
[INFO ] 2024-03-15 14:17:39.952 [main] StepDef - Before step Set Up Executed...
[INFO ] 2024-03-15 14:17:40.312 [main] StepDef - close browser Executed...
  And close browser                                                      # StepDefination.CloseStep.close_browser()
This is After Step after Tear Down Method.
[INFO ] 2024-03-15 14:17:40.312 [main] StepDef - Failed Test Case Screenshot...
Tear Down method.
[INFO ] 2024-03-15 14:17:40.312 [main] StepDef - Failed Scenario Screenshot...
]]></system-out>
    <system-err><![CDATA[Starting ChromeDriver 122.0.6261.128 (f18a44fedeb29764b2b5336c120fdd90ef1a3f5c-refs/branch-heads/6261@{#1057}) on port 57510
Only local connections are allowed.
Please see https://chromedriver.chromium.org/security-considerations for suggestions on keeping ChromeDriver safe.
ChromeDriver was started successfully.
Mar 15, 2024 2:14:32 PM org.openqa.selenium.remote.ProtocolHandshake createSession
INFO: Detected dialect: W3C
Starting ChromeDriver 122.0.6261.128 (f18a44fedeb29764b2b5336c120fdd90ef1a3f5c-refs/branch-heads/6261@{#1057}) on port 52270
Only local connections are allowed.
Please see https://chromedriver.chromium.org/security-considerations for suggestions on keeping ChromeDriver safe.
ChromeDriver was started successfully.
Mar 15, 2024 2:14:33 PM org.openqa.selenium.remote.ProtocolHandshake createSession
INFO: Detected dialect: W3C
Email found : 
Email found : victoria_victoria@nopCommerce.com
]]></system-err>
  </testcase>
  <testcase name="runScenario[&quot;Search Customer by Name&quot;, &quot;Customers&quot;](3)" classname="TestRunner.Run" time="173.926">
    <system-out><![CDATA[
@regression
Scenario: Search Customer by Name                                        # Features/Customers.feature:35
Setup-Sanity method executed..
SetUp method.
[INFO ] 2024-03-15 14:17:42.384 [main] StepDef - Set up Execution...
This is Before Step before setup Method.
[INFO ] 2024-03-15 14:17:42.385 [main] StepDef - Before step Set Up Executed...
[INFO ] 2024-03-15 14:17:42.511 [main] StepDef - User Launch Chrome browser Executed...
  Given User Launch Chrome browser                                       # StepDefination.StepDef.user_launch_chrome_browser()
This is After Step after Tear Down Method.
[INFO ] 2024-03-15 14:17:42.512 [main] StepDef - Failed Test Case Screenshot...
This is Before Step before setup Method.
[INFO ] 2024-03-15 14:17:42.513 [main] StepDef - Before step Set Up Executed...
[INFO ] 2024-03-15 14:17:43.976 [main] StepDef - User opens URL Executed...
  When User opens URL "http://admin-demo.nopcommerce.com/login"          # StepDefination.StepDef.user_opens_url(java.lang.String)
This is After Step after Tear Down Method.
[INFO ] 2024-03-15 14:17:43.977 [main] StepDef - Failed Test Case Screenshot...
This is Before Step before setup Method.
[INFO ] 2024-03-15 14:17:43.978 [main] StepDef - Before step Set Up Executed...
[INFO ] 2024-03-15 14:17:44.321 [main] StepDef - User enters Email and Password Executed...
  And User enters Email as "admin@yourstore.com" and Password as "admin" # StepDefination.StepDef.user_enters_email_as_and_password_as(java.lang.String,java.lang.String)
This is After Step after Tear Down Method.
[INFO ] 2024-03-15 14:17:44.323 [main] StepDef - Failed Test Case Screenshot...
This is Before Step before setup Method.
[INFO ] 2024-03-15 14:17:44.323 [main] StepDef - Before step Set Up Executed...
[INFO ] 2024-03-15 14:20:08.039 [main] StepDef - Click on Login Executed...
  And Click on Login                                                     # StepDefination.StepDef.click_on_login()
This is After Step after Tear Down Method.
[INFO ] 2024-03-15 14:20:08.039 [main] StepDef - Failed Test Case Screenshot...
This is Before Step before setup Method.
[INFO ] 2024-03-15 14:20:08.039 [main] StepDef - Before step Set Up Executed...
[WARN ] 2024-03-15 14:20:09.234 [main] StepDef - User can view Dashboad Executed...
  Then User can view Dashboad                                            # StepDefination.StepDef.user_can_view_dashboad()
This is After Step after Tear Down Method.
[INFO ] 2024-03-15 14:20:09.234 [main] StepDef - Failed Test Case Screenshot...
This is Before Step before setup Method.
[INFO ] 2024-03-15 14:20:09.234 [main] StepDef - Before step Set Up Executed...
[INFO ] 2024-03-15 14:20:10.417 [main] StepDef - User click on customers Menu Executed...
  When User click on customers Menu                                      # StepDefination.StepDef.user_click_on_customers_menu()
This is After Step after Tear Down Method.
[INFO ] 2024-03-15 14:20:10.417 [main] StepDef - Failed Test Case Screenshot...
This is Before Step before setup Method.
[INFO ] 2024-03-15 14:20:10.418 [main] StepDef - Before step Set Up Executed...
[INFO ] 2024-03-15 14:20:31.175 [main] StepDef - click on customers Menu Item Executed...
  And click on customers Menu Item                                       # StepDefination.StepDef.click_on_customers_menu_item()
This is After Step after Tear Down Method.
[INFO ] 2024-03-15 14:20:31.175 [main] StepDef - Failed Test Case Screenshot...
This is Before Step before setup Method.
[INFO ] 2024-03-15 14:20:31.175 [main] StepDef - Before step Set Up Executed...
[INFO ] 2024-03-15 14:20:31.664 [main] StepDef - Enter customer First Name Executed...
  And Enter customer First Name                                          # StepDefination.StepDef.enter_customer_first_name()
This is After Step after Tear Down Method.
[INFO ] 2024-03-15 14:20:31.672 [main] StepDef - Failed Test Case Screenshot...
This is Before Step before setup Method.
[INFO ] 2024-03-15 14:20:31.672 [main] StepDef - Before step Set Up Executed...
[INFO ] 2024-03-15 14:20:31.846 [main] StepDef - Enter customer Last Name Executed...
  And Enter customer Last Name                                           # StepDefination.StepDef.enter_customer_last_name()
This is After Step after Tear Down Method.
[INFO ] 2024-03-15 14:20:31.846 [main] StepDef - Failed Test Case Screenshot...
This is Before Step before setup Method.
[INFO ] 2024-03-15 14:20:31.846 [main] StepDef - Before step Set Up Executed...
[INFO ] 2024-03-15 14:20:32.976 [main] StepDef - Click on search button Executed...
  When Click on search button                                            # StepDefination.StepDef.click_on_search_button()
This is After Step after Tear Down Method.
[INFO ] 2024-03-15 14:20:32.976 [main] StepDef - Failed Test Case Screenshot...
This is Before Step before setup Method.
[INFO ] 2024-03-15 14:20:32.976 [main] StepDef - Before step Set Up Executed...
[INFO ] 2024-03-15 14:20:33.925 [main] StepDef - User found Name in the Search table Executed...
  Then User should found Name in the Search table                        # StepDefination.StepDef.user_should_found_name_in_the_search_table()
This is After Step after Tear Down Method.
[INFO ] 2024-03-15 14:20:33.925 [main] StepDef - Failed Test Case Screenshot...
This is Before Step before setup Method.
[INFO ] 2024-03-15 14:20:33.925 [main] StepDef - Before step Set Up Executed...
[INFO ] 2024-03-15 14:20:34.234 [main] StepDef - close browser Executed...
  And close browser                                                      # StepDefination.CloseStep.close_browser()
This is After Step after Tear Down Method.
[INFO ] 2024-03-15 14:20:34.234 [main] StepDef - Failed Test Case Screenshot...
Tear Down method.
[INFO ] 2024-03-15 14:20:34.234 [main] StepDef - Failed Scenario Screenshot...
]]></system-out>
    <system-err><![CDATA[Starting ChromeDriver 122.0.6261.128 (f18a44fedeb29764b2b5336c120fdd90ef1a3f5c-refs/branch-heads/6261@{#1057}) on port 35303
Only local connections are allowed.
Please see https://chromedriver.chromium.org/security-considerations for suggestions on keeping ChromeDriver safe.
ChromeDriver was started successfully.
Mar 15, 2024 2:17:41 PM org.openqa.selenium.remote.ProtocolHandshake createSession
INFO: Detected dialect: W3C
Starting ChromeDriver 122.0.6261.128 (f18a44fedeb29764b2b5336c120fdd90ef1a3f5c-refs/branch-heads/6261@{#1057}) on port 41420
Only local connections are allowed.
Please see https://chromedriver.chromium.org/security-considerations for suggestions on keeping ChromeDriver safe.
ChromeDriver was started successfully.
Mar 15, 2024 2:17:42 PM org.openqa.selenium.remote.ProtocolHandshake createSession
INFO: Detected dialect: W3C
Name found : 
Name found : CpYYy@gmail.com
Name found : Nitu Khatri
Name found : Registered
Name found : TestCompany
Name found : 
Name found : Edit
Name found : 
Name found : admin3@gmail.com
Name found : Jayesh Bavkar
Name found : Registered
Name found : Invest
Name found : 
Name found : Edit
Name found : 
Name found : kiyjcycyhjc676008@gmail.com
Name found : Virat Kohli
Name found : Registered
Name found : Indian Cricket Team
Name found : 
Name found : Edit
Name found : 
Name found : victoria_victoria@nopCommerce.com
Name found : Victoria Terces
]]></system-err>
  </testcase>
  <testcase name="runScenario[&quot;Successful Login with Valid Credentials&quot;, &quot;Login&quot;](4)" classname="TestRunner.Run" time="26.241">
    <system-out><![CDATA[
@sanity
Scenario: Successful Login with Valid Credentials                        # Features/Login.feature:4
Setup-Sanity method executed..
SetUp method.
[INFO ] 2024-03-15 14:20:36.356 [main] StepDef - Set up Execution...
This is Before Step before setup Method.
[INFO ] 2024-03-15 14:20:36.356 [main] StepDef - Before step Set Up Executed...
[INFO ] 2024-03-15 14:20:36.494 [main] StepDef - User Launch Chrome browser Executed...
  Given User Launch Chrome browser                                       # StepDefination.StepDef.user_launch_chrome_browser()
This is After Step after Tear Down Method.
[INFO ] 2024-03-15 14:20:36.494 [main] StepDef - Failed Test Case Screenshot...
This is Before Step before setup Method.
[INFO ] 2024-03-15 14:20:36.494 [main] StepDef - Before step Set Up Executed...
[INFO ] 2024-03-15 14:20:37.137 [main] StepDef - User opens URL Executed...
  When User opens URL "http://admin-demo.nopcommerce.com/login"          # StepDefination.StepDef.user_opens_url(java.lang.String)
This is After Step after Tear Down Method.
[INFO ] 2024-03-15 14:20:37.137 [main] StepDef - Failed Test Case Screenshot...
This is Before Step before setup Method.
[INFO ] 2024-03-15 14:20:37.137 [main] StepDef - Before step Set Up Executed...
[INFO ] 2024-03-15 14:20:37.505 [main] StepDef - User enters Email and Password Executed...
  And User enters Email as "admin@yourstore.com" and Password as "admin" # StepDefination.StepDef.user_enters_email_as_and_password_as(java.lang.String,java.lang.String)
This is After Step after Tear Down Method.
[INFO ] 2024-03-15 14:20:37.514 [main] StepDef - Failed Test Case Screenshot...
This is Before Step before setup Method.
[INFO ] 2024-03-15 14:20:37.514 [main] StepDef - Before step Set Up Executed...
[INFO ] 2024-03-15 14:20:57.406 [main] StepDef - Click on Login Executed...
  And Click on Login                                                     # StepDefination.StepDef.click_on_login()
This is After Step after Tear Down Method.
[INFO ] 2024-03-15 14:20:57.407 [main] StepDef - Failed Test Case Screenshot...
This is Before Step before setup Method.
[INFO ] 2024-03-15 14:20:57.409 [main] StepDef - Before step Set Up Executed...
[WARN ] 2024-03-15 14:20:58.195 [main] StepDef - Page Title matched...
  Then Page Title should be "Dashboard / nopCommerce administration"     # StepDefination.StepDef.page_title_should_be(java.lang.String)
This is After Step after Tear Down Method.
[INFO ] 2024-03-15 14:20:58.197 [main] StepDef - Failed Test Case Screenshot...
This is Before Step before setup Method.
[INFO ] 2024-03-15 14:20:58.197 [main] StepDef - Before step Set Up Executed...
[INFO ] 2024-03-15 14:21:00.169 [main] StepDef - User click on Log out link Executed...
  When User click on Log out link                                        # StepDefination.StepDef.user_click_on_log_out_link()
This is After Step after Tear Down Method.
[INFO ] 2024-03-15 14:21:00.170 [main] StepDef - Failed Test Case Screenshot...
This is Before Step before setup Method.
[INFO ] 2024-03-15 14:21:00.171 [main] StepDef - Before step Set Up Executed...
[WARN ] 2024-03-15 14:21:00.281 [main] StepDef - Page Title matched...
  Then Page Title should be "Your store. Login"                          # StepDefination.StepDef.page_title_should_be(java.lang.String)
This is After Step after Tear Down Method.
[INFO ] 2024-03-15 14:21:00.283 [main] StepDef - Failed Test Case Screenshot...
This is Before Step before setup Method.
[INFO ] 2024-03-15 14:21:00.283 [main] StepDef - Before step Set Up Executed...
[INFO ] 2024-03-15 14:21:00.475 [main] StepDef - close browser Executed...
  And close browser                                                      # StepDefination.CloseStep.close_browser()
This is After Step after Tear Down Method.
[INFO ] 2024-03-15 14:21:00.476 [main] StepDef - Failed Test Case Screenshot...
Tear Down method.
[INFO ] 2024-03-15 14:21:00.476 [main] StepDef - Failed Scenario Screenshot...
]]></system-out>
    <system-err><![CDATA[Starting ChromeDriver 122.0.6261.128 (f18a44fedeb29764b2b5336c120fdd90ef1a3f5c-refs/branch-heads/6261@{#1057}) on port 58377
Only local connections are allowed.
Please see https://chromedriver.chromium.org/security-considerations for suggestions on keeping ChromeDriver safe.
ChromeDriver was started successfully.
Mar 15, 2024 2:20:35 PM org.openqa.selenium.remote.ProtocolHandshake createSession
INFO: Detected dialect: W3C
Starting ChromeDriver 122.0.6261.128 (f18a44fedeb29764b2b5336c120fdd90ef1a3f5c-refs/branch-heads/6261@{#1057}) on port 33234
Only local connections are allowed.
Please see https://chromedriver.chromium.org/security-considerations for suggestions on keeping ChromeDriver safe.
ChromeDriver was started successfully.
Mar 15, 2024 2:20:36 PM org.openqa.selenium.remote.ProtocolHandshake createSession
INFO: Detected dialect: W3C
]]></system-err>
  </testcase>
  <testcase name="runScenario[&quot;Successful Login with Valid Credentials DDT&quot;, &quot;Login&quot;](5)" classname="TestRunner.Run" time="10.714">
    <system-out><![CDATA[
@regression
Scenario Outline: Successful Login with Valid Credentials DDT            # Features/Login.feature:27
Setup-Sanity method executed..
SetUp method.
[INFO ] 2024-03-15 14:21:02.544 [main] StepDef - Set up Execution...
This is Before Step before setup Method.
[INFO ] 2024-03-15 14:21:02.545 [main] StepDef - Before step Set Up Executed...
[INFO ] 2024-03-15 14:21:02.678 [main] StepDef - User Launch Chrome browser Executed...
  Given User Launch Chrome browser                                       # StepDefination.StepDef.user_launch_chrome_browser()
This is After Step after Tear Down Method.
[INFO ] 2024-03-15 14:21:02.678 [main] StepDef - Failed Test Case Screenshot...
This is Before Step before setup Method.
[INFO ] 2024-03-15 14:21:02.678 [main] StepDef - Before step Set Up Executed...
[INFO ] 2024-03-15 14:21:03.448 [main] StepDef - User opens URL Executed...
  When User opens URL "http://admin-demo.nopcommerce.com/login"          # StepDefination.StepDef.user_opens_url(java.lang.String)
This is After Step after Tear Down Method.
[INFO ] 2024-03-15 14:21:03.449 [main] StepDef - Failed Test Case Screenshot...
This is Before Step before setup Method.
[INFO ] 2024-03-15 14:21:03.449 [main] StepDef - Before step Set Up Executed...
[INFO ] 2024-03-15 14:21:03.997 [main] StepDef - User enters Email and Password Executed...
  And User enters Email as "admin@yourstore.com" and Password as "admin" # StepDefination.StepDef.user_enters_email_as_and_password_as(java.lang.String,java.lang.String)
This is After Step after Tear Down Method.
[INFO ] 2024-03-15 14:21:03.997 [main] StepDef - Failed Test Case Screenshot...
This is Before Step before setup Method.
[INFO ] 2024-03-15 14:21:03.998 [main] StepDef - Before step Set Up Executed...
[INFO ] 2024-03-15 14:21:09.111 [main] StepDef - Click on Login Executed...
  And Click on Login                                                     # StepDefination.StepDef.click_on_login()
This is After Step after Tear Down Method.
[INFO ] 2024-03-15 14:21:09.111 [main] StepDef - Failed Test Case Screenshot...
This is Before Step before setup Method.
[INFO ] 2024-03-15 14:21:09.112 [main] StepDef - Before step Set Up Executed...
[WARN ] 2024-03-15 14:21:09.127 [main] StepDef - Page Title matched...
  Then Page Title should be "Dashboard / nopCommerce administration"     # StepDefination.StepDef.page_title_should_be(java.lang.String)
This is After Step after Tear Down Method.
[INFO ] 2024-03-15 14:21:09.127 [main] StepDef - Failed Test Case Screenshot...
This is Before Step before setup Method.
[INFO ] 2024-03-15 14:21:09.128 [main] StepDef - Before step Set Up Executed...
[INFO ] 2024-03-15 14:21:10.916 [main] StepDef - User click on Log out link Executed...
  When User click on Log out link                                        # StepDefination.StepDef.user_click_on_log_out_link()
This is After Step after Tear Down Method.
[INFO ] 2024-03-15 14:21:10.916 [main] StepDef - Failed Test Case Screenshot...
This is Before Step before setup Method.
[INFO ] 2024-03-15 14:21:10.916 [main] StepDef - Before step Set Up Executed...
[WARN ] 2024-03-15 14:21:10.972 [main] StepDef - Page Title matched...
  Then Page Title should be "Your store. Login"                          # StepDefination.StepDef.page_title_should_be(java.lang.String)
This is After Step after Tear Down Method.
[INFO ] 2024-03-15 14:21:10.973 [main] StepDef - Failed Test Case Screenshot...
This is Before Step before setup Method.
[INFO ] 2024-03-15 14:21:10.973 [main] StepDef - Before step Set Up Executed...
[INFO ] 2024-03-15 14:21:11.192 [main] StepDef - close browser Executed...
  And close browser                                                      # StepDefination.CloseStep.close_browser()
This is After Step after Tear Down Method.
[INFO ] 2024-03-15 14:21:11.193 [main] StepDef - Failed Test Case Screenshot...
Tear Down method.
[INFO ] 2024-03-15 14:21:11.193 [main] StepDef - Failed Scenario Screenshot...
]]></system-out>
    <system-err><![CDATA[Starting ChromeDriver 122.0.6261.128 (f18a44fedeb29764b2b5336c120fdd90ef1a3f5c-refs/branch-heads/6261@{#1057}) on port 42298
Only local connections are allowed.
Please see https://chromedriver.chromium.org/security-considerations for suggestions on keeping ChromeDriver safe.
ChromeDriver was started successfully.
Mar 15, 2024 2:21:01 PM org.openqa.selenium.remote.ProtocolHandshake createSession
INFO: Detected dialect: W3C
Starting ChromeDriver 122.0.6261.128 (f18a44fedeb29764b2b5336c120fdd90ef1a3f5c-refs/branch-heads/6261@{#1057}) on port 22320
Only local connections are allowed.
Please see https://chromedriver.chromium.org/security-considerations for suggestions on keeping ChromeDriver safe.
ChromeDriver was started successfully.
Mar 15, 2024 2:21:02 PM org.openqa.selenium.remote.ProtocolHandshake createSession
INFO: Detected dialect: W3C
]]></system-err>
  </testcase>
</testsuite>