<?xml version="1.0" encoding="UTF-8"?>
<!-- Generated by org.testng.reporters.JUnitReportReporter -->
<testsuite hostname="LAPTOP-MEGAJEV2" failures="0" tests="5" name="TestRunner.Run" time="556.793" errors="0" timestamp="2024-03-15T14:21:11 IST" skipped="0">
  <testcase classname="TestRunner.Run" name="runScenario" time="173.922"/>
  <testcase classname="TestRunner.Run" name="runScenario" time="189.179"/>
  <testcase classname="TestRunner.Run" name="runScenario" time="26.239"/>
  <testcase classname="TestRunner.Run" name="runScenario" time="10.716"/>
  <testcase classname="TestRunner.Run" name="runScenario" time="156.737"/>
</testsuite> <!-- TestRunner.Run -->
